<?xml version="1.0" encoding="UTF-8"?>
<testsuite name="com.sinch.vqprobe.audio.AudioInjectionOptionsTest" tests="3" skipped="0" failures="0" errors="0" timestamp="2026-09-25T14:37:48" hostname="6e67524789a5" time="0.028">
  <properties/>
  <testcase name="validationAllowsOnlyDefaultOrExplicitlyEnabledMicrophoneMute" classname="com.sinch.vqprobe.audio.AudioInjectionOptionsTest" time="0.003"/>
  <testcase name="omittedModePreservesNormalPlaybackOptions" classname="com.sinch.vqprobe.audio.AudioInjectionOptionsTest" time="0.0"/>
  <testcase name="rejectsUnknownModesInsteadOfSilentlyWeakeningValidation" classname="com.sinch.vqprobe.audio.AudioInjectionOptionsTest" time="0.024"/>
  <system-out><![CDATA[]]></system-out>
  <system-err><![CDATA[]]></system-err>
</testsuite>
